<?xml version="1.0" encoding="UTF-8"?>
<!-- Generated by org.testng.reporters.JUnitReportReporter -->
<testsuite name="test.api.postmessage.TC_006_POSTMethodObject$TC_005_POSTMethodTestcase" tests="1" time="1.934" ignored="0" failures="0" timestamp="24 May 2017 11:03:21 GMT" skipped="0" hostname="Nagesh" errors="0">
  <testcase name="validate_TC_006_POSTMethodObject" time="1.934" classname="test.api.postmessage.TC_006_POSTMethodObject$TC_005_POSTMethodTestcase"/>
</testsuite> <!-- test.api.postmessage.TC_006_POSTMethodObject$TC_005_POSTMethodTestcase -->
