<?xml version="1.0" encoding="UTF-8"?>
<!-- Generated by org.testng.reporters.JUnitReportReporter -->
<testsuite name="test.api.JSONValidation.TC_007_ValidateMultipleData" tests="1" time="2.100" ignored="0" failures="0" timestamp="24 May 2017 17:21:31 GMT" skipped="0" hostname="Nagesh" errors="0">
  <testcase name="validate_TC_007_ValidateMultipleData" time="2.100" classname="test.api.JSONValidation.TC_007_ValidateMultipleData"/>
</testsuite> <!-- test.api.JSONValidation.TC_007_ValidateMultipleData -->
