<?xml version="1.0" encoding="UTF-8"?>
<!-- Generated by org.testng.reporters.JUnitReportReporter -->
<testsuite name="org.api.automation.TC_001_EndToEndAutomation" tests="1" time="2.822" ignored="0" failures="0" timestamp="25 May 2017 08:51:02 GMT" skipped="0" hostname="Nagesh" errors="0">
  <testcase name="tcase1" time="2.822" classname="org.api.automation.TC_001_EndToEndAutomation"/>
</testsuite> <!-- org.api.automation.TC_001_EndToEndAutomation -->
