<?xml version="1.0" encoding="UTF-8"?>
<!-- Generated by org.testng.reporters.JUnitReportReporter -->
<testsuite name="test.api.automation.TC_002_GETMethodWithParameters" tests="1" time="1.881" ignored="0" failures="0" timestamp="24 May 2017 17:09:57 GMT" skipped="0" hostname="Nagesh" errors="0">
  <testcase name="validate_TC_002_GETMethodWithParameters" time="1.881" classname="test.api.automation.TC_002_GETMethodWithParameters"/>
</testsuite> <!-- test.api.automation.TC_002_GETMethodWithParameters -->
