<?xml version="1.0" encoding="UTF-8"?>
<!-- Generated by org.testng.reporters.JUnitReportReporter -->
<testsuite name="test.api.patchmethod.TC_006_PATCHMethodObject" tests="1" time="1.863" ignored="0" failures="0" timestamp="24 May 2017 11:57:50 GMT" skipped="0" hostname="Nagesh" errors="0">
  <testcase name="validate_TC_006_PATCHMethodObject" time="1.863" classname="test.api.patchmethod.TC_006_PATCHMethodObject"/>
</testsuite> <!-- test.api.patchmethod.TC_006_PATCHMethodObject -->
