<?xml version="1.0" encoding="UTF-8"?>
<!-- Generated by org.testng.reporters.JUnitReportReporter -->
<testsuite name="test.api.studenttest.NewTest" tests="2" time="1.550" ignored="0" failures="0" timestamp="26 May 2017 11:21:01 GMT" skipped="0" hostname="Nagesh" errors="0">
  <testcase name="testStudents" time="1.476" classname="test.api.studenttest.NewTest"/>
  <testcase name="testStudents2" time="0.074" classname="test.api.studenttest.NewTest"/>
</testsuite> <!-- test.api.studenttest.NewTest -->
