<?xml version="1.0" encoding="UTF-8"?>
<!-- Generated by org.testng.reporters.JUnitReportReporter -->
<testsuite name="test.api.putmessage.TC_006_PUTMethodObject" tests="1" time="1.875" ignored="0" failures="0" timestamp="24 May 2017 11:37:33 GMT" skipped="0" hostname="Nagesh" errors="0">
  <testcase name="validate_TC_006_PUTMethodObject" time="1.875" classname="test.api.putmessage.TC_006_PUTMethodObject"/>
</testsuite> <!-- test.api.putmessage.TC_006_PUTMethodObject -->
