<?xml version="1.0" encoding="UTF-8"?>
<!-- Generated by org.testng.reporters.JUnitReportReporter -->
<testsuite name="test.api.JSONValidation.TC_006_ValidateJSONPath" tests="1" time="2.255" ignored="0" failures="0" timestamp="24 May 2017 16:53:09 GMT" skipped="0" hostname="Nagesh" errors="0">
  <testcase name="validate_TC_006_ValidateJSONPath" time="2.255" classname="test.api.JSONValidation.TC_006_ValidateJSONPath"/>
</testsuite> <!-- test.api.JSONValidation.TC_006_ValidateJSONPath -->
