<?xml version="1.0" encoding="UTF-8"?>
<!-- Generated by org.testng.reporters.JUnitReportReporter -->
<testsuite name="test.api.automation.TC_003_GETCallWithStaticImport" tests="1" time="1.723" ignored="0" failures="0" timestamp="24 May 2017 17:10:29 GMT" skipped="0" hostname="Nagesh" errors="0">
  <testcase name="validate_TC_003_GETCallWithStaticImport" time="1.723" classname="test.api.automation.TC_003_GETCallWithStaticImport"/>
</testsuite> <!-- test.api.automation.TC_003_GETCallWithStaticImport -->
