<?xml version="1.0" encoding="UTF-8"?>
<!-- Generated by org.testng.reporters.JUnitReportReporter -->
<testsuite name="test.api.automation.TC_004_BDDTestcase" tests="1" time="1.801" ignored="0" failures="0" timestamp="24 May 2017 17:11:27 GMT" skipped="0" hostname="Nagesh" errors="0">
  <testcase name="validate_TC_004_BDDTestcase" time="1.801" classname="test.api.automation.TC_004_BDDTestcase"/>
</testsuite> <!-- test.api.automation.TC_004_BDDTestcase -->
