<?xml version="1.0" encoding="UTF-8"?>
<!-- Generated by org.testng.reporters.JUnitReportReporter -->
<testsuite name="test.api.automation.TC_005_UsingdbJSON" tests="1" time="1.445" ignored="0" failures="0" timestamp="24 May 2017 09:24:39 GMT" skipped="0" hostname="Nagesh" errors="0">
  <testcase name="validate_TC_005_UsingdbJSON" time="1.445" classname="test.api.automation.TC_005_UsingdbJSON"/>
</testsuite> <!-- test.api.automation.TC_005_UsingdbJSON -->
