<?xml version="1.0" encoding="UTF-8"?>
<!-- Generated by org.testng.reporters.JUnitReportReporter -->
<testsuite name="api.automation.JIRA.Testcase_001" tests="1" time="19.104" ignored="0" failures="0" timestamp="25 May 2017 13:19:07 GMT" skipped="0" hostname="Nagesh" errors="0">
  <testcase name="tcase1" time="19.104" classname="api.automation.JIRA.Testcase_001"/>
</testsuite> <!-- api.automation.JIRA.Testcase_001 -->
