<?xml version="1.0" encoding="UTF-8"?>
<!-- Generated by org.testng.reporters.JUnitReportReporter -->
<testsuite name="test.api.automation.TC_001_GETMethod" tests="1" time="3.090" ignored="0" failures="0" timestamp="24 May 2017 05:57:59 GMT" skipped="0" hostname="Nagesh" errors="0">
  <testcase name="validate_TC_001_GETMETHOD" time="3.090" classname="test.api.automation.TC_001_GETMethod"/>
</testsuite> <!-- test.api.automation.TC_001_GETMethod -->
